#
# There is insufficient memory for the Java Runtime Environment to continue.
# Native memory allocation (mmap) failed to map 132120576 bytes for G1 virtual space
# Possible reasons:
#   The system is out of physical RAM or swap space
#   The process is running with CompressedOops enabled, and the Java Heap may be blocking the growth of the native heap
# Possible solutions:
#   Reduce memory load on the system
#   Increase physical memory or swap space
#   Check if swap backing store is full
#   Decrease Java heap size (-Xmx/-Xms)
#   Decrease number of Java threads
#   Decrease Java thread stack sizes (-Xss)
#   Set larger code cache with -XX:ReservedCodeCacheSize=
#   JVM is running with Unscaled Compressed Oops mode in which the Java heap is
#     placed in the first 4GB address space. The Java Heap base address is the
#     maximum limit for the native heap growth. Please use -XX:HeapBaseMinAddress
#     to set the Java Heap base and to place the Java Heap above 4GB virtual address.
# This output file may be truncated or incomplete.
#
#  Out of Memory Error (os_windows.cpp:3548), pid=21632, tid=5376
#
# JRE version:  (17.0.12+8) (build )
# Java VM: Java HotSpot(TM) 64-Bit Server VM (17.0.12+8-LTS-286, mixed mode, sharing, tiered, compressed oops, compressed class ptrs, g1 gc, windows-amd64)
# No core dump will be written. Minidumps are not enabled by default on client versions of Windows
#

---------------  S U M M A R Y ------------

Command Line: com.google.prefab.cli.AppKt --build-system cmake --platform android --abi x86 --os-version 24 --stl c++_shared --ndk-version 27 --output C:\\Users\\Zeltrax\\AppData\\Local\\Temp\\agp-prefab-staging11219205952619693481\\staged-cli-output C:\\Users\\Zeltrax\\.gradle\\caches\\8.14.3\\transforms\\eb6d09c91acf843499bdca80e0a66fd6\\transformed\\react-android-0.81.0-debug\\prefab C:\\Users\\Zeltrax\\.gradle\\caches\\8.14.3\\transforms\\5d0a1bdcc2c5d492e0409f1745c7c8f4\\transformed\\hermes-android-0.81.0-debug\\prefab C:\\Users\\Zeltrax\\.gradle\\caches\\8.14.3\\transforms\\a18451f415b73841e30da63b3d9805af\\transformed\\fbjni-0.7.0\\prefab

Host: Intel(R) Core(TM) i7-10510U CPU @ 1.80GHz, 8 cores, 7G,  Windows 11 , 64 bit Build 27695 (10.0.27695.1000)
Time: Fri Aug 22 21:14:14 2025 India Standard Time elapsed time: 1.901901 seconds (0d 0h 0m 1s)

---------------  T H R E A D  ---------------

Current thread (0x0000008000a06370):  JavaThread "Unknown thread" [_thread_in_vm, id=5376, stack(0x0000008000850000,0x0000008000950000)]

Stack: [0x0000008000850000,0x0000008000950000]
Native frames: (J=compiled Java code, j=interpreted, Vv=VM code, C=native code)
V  [jvm.dll+0x67a04a]
V  [jvm.dll+0x7da4ed]
V  [jvm.dll+0x7dbe33]
V  [jvm.dll+0x7dc4a3]
V  [jvm.dll+0x24508f]
V  [jvm.dll+0x677089]
V  [jvm.dll+0x66bd32]
V  [jvm.dll+0x301fa6]
V  [jvm.dll+0x309546]
V  [jvm.dll+0x359d2e]
V  [jvm.dll+0x359f5f]
V  [jvm.dll+0x2d9078]
V  [jvm.dll+0x2d9fe4]
V  [jvm.dll+0x7aca21]
V  [jvm.dll+0x367591]
V  [jvm.dll+0x78b999]
V  [jvm.dll+0x3ec83f]
V  [jvm.dll+0x3ee471]
C  [jli.dll+0x5297]
C  [ucrtbase.dll+0x1cd10]
C  [KERNEL32.DLL+0x35767]
C  [ntdll.dll+0x623ec]


---------------  P R O C E S S  ---------------

Threads class SMR info:
_java_thread_list=0x00007ffff1b17a18, length=0, elements={
}

Java Threads: ( => current thread )

Other Threads:
  0x0000008000a62010 GCTaskThread "GC Thread#0" [stack: 0x00000080147d0000,0x00000080148d0000] [id=4964]
  0x0000008000a72930 ConcurrentGCThread "G1 Main Marker" [stack: 0x00000080148d0000,0x00000080149d0000] [id=22892]
  0x0000008000a75270 ConcurrentGCThread "G1 Conc#0" [stack: 0x00000080149d0000,0x0000008014ad0000] [id=9520]

[error occurred during error reporting (printing all threads), id 0xc0000005, EXCEPTION_ACCESS_VIOLATION (0xc0000005) at pc=0x00007ffff1349b67]

VM state: not at safepoint (not fully initialized)

VM Mutex/Monitor currently owned by a thread:  ([mutex/lock_event])
[0x0000008000a005e0] Heap_lock - owner thread: 0x0000008000a06370

Heap address: 0x0000000082a00000, size: 2006 MB, Compressed Oops mode: 32-bit

CDS archive(s) mapped at: [0x0000000000000000-0x0000000000000000-0x0000000000000000), size 0, SharedBaseAddress: 0x0000000800000000, ArchiveRelocationMode: 1.
Narrow klass base: 0x0000000000000000, Narrow klass shift: 0, Narrow klass range: 0x0

GC Precious Log:
<Empty>

Heap:
 garbage-first heap   total 0K, used 0K [0x0000000082a00000, 0x0000000100000000)
  region size 1024K, 0 young (0K), 0 survivors (0K)

[error occurred during error reporting (printing heap information), id 0xc0000005, EXCEPTION_ACCESS_VIOLATION (0xc0000005) at pc=0x00007ffff1733859]

GC Heap History (0 events):
No events

Deoptimization events (0 events):
No events

Classes unloaded (0 events):
No events

Classes redefined (0 events):
No events

Internal exceptions (0 events):
No events

VM Operations (0 events):
No events

Events (1 events):
Event: 0.066 Loaded shared library C:\Program Files\Java\jdk-17\bin\java.dll


Dynamic libraries:
0x00007ff7b5330000 - 0x00007ff7b5340000 	C:\Program Files\Java\jdk-17\bin\java.exe
0x00007ff8a8fa0000 - 0x00007ff8a9201000 	C:\WINDOWS\SYSTEM32\ntdll.dll
0x00007ff8a7710000 - 0x00007ff8a77d8000 	C:\WINDOWS\System32\KERNEL32.DLL
0x00007ff8a6a60000 - 0x00007ff8a6e09000 	C:\WINDOWS\System32\KERNELBASE.dll
0x00007ff8a6710000 - 0x00007ff8a685e000 	C:\WINDOWS\System32\ucrtbase.dll
0x00007ff883390000 - 0x00007ff8833a9000 	C:\Program Files\Java\jdk-17\bin\jli.dll
0x00007ff8a8980000 - 0x00007ff8a8a32000 	C:\WINDOWS\System32\ADVAPI32.dll
0x00007ff8a7620000 - 0x00007ff8a76c9000 	C:\WINDOWS\System32\msvcrt.dll
0x00007ff8a87e0000 - 0x00007ff8a8887000 	C:\WINDOWS\System32\sechost.dll
0x00007ff8a7ee0000 - 0x00007ff8a7ffa000 	C:\WINDOWS\System32\RPCRT4.dll
0x00007ff875470000 - 0x00007ff87548b000 	C:\Program Files\Java\jdk-17\bin\VCRUNTIME140.dll
0x00007ff8a8c20000 - 0x00007ff8a8de4000 	C:\WINDOWS\System32\USER32.dll
0x00007ff8a6490000 - 0x00007ff8a64b7000 	C:\WINDOWS\System32\win32u.dll
0x00007ff8a8420000 - 0x00007ff8a8453000 	C:\WINDOWS\System32\GDI32.dll
0x00007ff8a6540000 - 0x00007ff8a665b000 	C:\WINDOWS\System32\gdi32full.dll
0x00007ff8a6660000 - 0x00007ff8a6703000 	C:\WINDOWS\System32\msvcp_win.dll
0x00007ff898020000 - 0x00007ff89802b000 	C:\WINDOWS\SYSTEM32\VERSION.dll
0x00007ff88dee0000 - 0x00007ff88e171000 	C:\WINDOWS\WinSxS\amd64_microsoft.windows.common-controls_6595b64144ccf1df_6.0.27695.1000_none_111eef8ef4318350\COMCTL32.dll
0x00007ff8a76d0000 - 0x00007ff8a76ff000 	C:\WINDOWS\System32\IMM32.DLL
0x00007ff8a3100000 - 0x00007ff8a310c000 	C:\Program Files\Java\jdk-17\bin\vcruntime140_1.dll
0x00007ff872860000 - 0x00007ff8728ee000 	C:\Program Files\Java\jdk-17\bin\msvcp140.dll
0x00007ffff1060000 - 0x00007ffff1c40000 	C:\Program Files\Java\jdk-17\bin\server\jvm.dll
0x00007ff8a8970000 - 0x00007ff8a8978000 	C:\WINDOWS\System32\PSAPI.DLL
0x00007ff88e180000 - 0x00007ff88e1b6000 	C:\WINDOWS\SYSTEM32\WINMM.dll
0x00007ff87f0a0000 - 0x00007ff87f0aa000 	C:\WINDOWS\SYSTEM32\WSOCK32.dll
0x00007ff8a8b80000 - 0x00007ff8a8bf4000 	C:\WINDOWS\System32\WS2_32.dll
0x00007ff8a51b0000 - 0x00007ff8a51ca000 	C:\WINDOWS\SYSTEM32\kernel.appcore.dll
0x00007ff88e8d0000 - 0x00007ff88e8da000 	C:\Program Files\Java\jdk-17\bin\jimage.dll
0x00007ff896b80000 - 0x00007ff896ddc000 	C:\WINDOWS\SYSTEM32\DBGHELP.DLL
0x00007ff8a8460000 - 0x00007ff8a87dd000 	C:\WINDOWS\System32\combase.dll
0x00007ff8a8aa0000 - 0x00007ff8a8b76000 	C:\WINDOWS\System32\OLEAUT32.dll
0x00007ff88b210000 - 0x00007ff88b249000 	C:\WINDOWS\SYSTEM32\dbgcore.DLL
0x00007ff8a63f0000 - 0x00007ff8a6487000 	C:\WINDOWS\System32\bcryptPrimitives.dll
0x00007ff875440000 - 0x00007ff875465000 	C:\Program Files\Java\jdk-17\bin\java.dll

dbghelp: loaded successfully - version: 4.0.5 - missing functions: none
symbol engine: initialized successfully - sym options: 0x614 - pdb path: .;C:\Program Files\Java\jdk-17\bin;C:\WINDOWS\SYSTEM32;C:\WINDOWS\WinSxS\amd64_microsoft.windows.common-controls_6595b64144ccf1df_6.0.27695.1000_none_111eef8ef4318350;C:\Program Files\Java\jdk-17\bin\server

VM Arguments:
java_command: com.google.prefab.cli.AppKt --build-system cmake --platform android --abi x86 --os-version 24 --stl c++_shared --ndk-version 27 --output C:\\Users\\Zeltrax\\AppData\\Local\\Temp\\agp-prefab-staging11219205952619693481\\staged-cli-output C:\\Users\\Zeltrax\\.gradle\\caches\\8.14.3\\transforms\\eb6d09c91acf843499bdca80e0a66fd6\\transformed\\react-android-0.81.0-debug\\prefab C:\\Users\\Zeltrax\\.gradle\\caches\\8.14.3\\transforms\\5d0a1bdcc2c5d492e0409f1745c7c8f4\\transformed\\hermes-android-0.81.0-debug\\prefab C:\\Users\\Zeltrax\\.gradle\\caches\\8.14.3\\transforms\\a18451f415b73841e30da63b3d9805af\\transformed\\fbjni-0.7.0\\prefab
java_class_path (initial): C:\\Users\\Zeltrax\\.gradle\\caches\\modules-2\\files-2.1\\com.google.prefab\\cli\\2.1.0\\aa32fec809c44fa531f01dcfb739b5b3304d3050\\cli-2.1.0-all.jar
Launcher Type: SUN_STANDARD

[Global flags]
     intx CICompilerCount                          = 4                                         {product} {ergonomic}
     uint ConcGCThreads                            = 2                                         {product} {ergonomic}
     uint G1ConcRefinementThreads                  = 8                                         {product} {ergonomic}
   size_t G1HeapRegionSize                         = 1048576                                   {product} {ergonomic}
    uintx GCDrainStackTargetSize                   = 64                                        {product} {ergonomic}
   size_t InitialHeapSize                          = 132120576                                 {product} {ergonomic}
   size_t MarkStackSize                            = 4194304                                   {product} {ergonomic}
   size_t MaxHeapSize                              = 2103443456                                {product} {ergonomic}
   size_t MinHeapDeltaBytes                        = 1048576                                   {product} {ergonomic}
   size_t MinHeapSize                              = 8388608                                   {product} {ergonomic}
    uintx NonNMethodCodeHeapSize                   = 5839372                                {pd product} {ergonomic}
    uintx NonProfiledCodeHeapSize                  = 122909434                              {pd product} {ergonomic}
    uintx ProfiledCodeHeapSize                     = 122909434                              {pd product} {ergonomic}
    uintx ReservedCodeCacheSize                    = 251658240                              {pd product} {ergonomic}
     bool SegmentedCodeCache                       = true                                      {product} {ergonomic}
   size_t SoftMaxHeapSize                          = 2103443456                             {manageable} {ergonomic}
     bool UseCompressedClassPointers               = true                           {product lp64_product} {ergonomic}
     bool UseCompressedOops                        = true                           {product lp64_product} {ergonomic}
     bool UseG1GC                                  = true                                      {product} {ergonomic}
     bool UseLargePagesIndividualAllocation        = false                                  {pd product} {ergonomic}

Logging:
Log output configuration:
 #0: stdout all=warning uptime,level,tags
 #1: stderr all=off uptime,level,tags

Environment Variables:
JAVA_HOME=C:\Program Files\Java\jdk-17\
PATH=C:\Users\Zeltrax\Desktop\Sahayak\node_modules\.bin;C:\Users\Zeltrax\Desktop\Sahayak\node_modules\.bin;C:\Users\Zeltrax\Desktop\node_modules\.bin;C:\Users\Zeltrax\node_modules\.bin;C:\Users\node_modules\.bin;C:\node_modules\.bin;C:\Users\Zeltrax\AppData\Roaming\npm\node_modules\npm\node_modules\@npmcli\run-script\lib\node-gyp-bin;D:\mingw64\bin;C:\Python313\Scripts\;C:\Python313\;C:\Program Files\Common Files\Oracle\Java\javapath;C:\Python312\Scripts\;C:\Python312\;C:\Program Files (x86)\Common Files\Oracle\Java\java8path;C:\Program Files (x86)\Common Files\Oracle\Java\javapath;C:\Program Files\Eclipse Foundation\jdk-8.0.302.8-hotspot\bin;C:\Program Files\Microsoft\jdk-11.0.16.101-hotspot\bin;C:\Python310\Scripts\;C:\Python310\;C:\WINDOWS\system32;C:\WINDOWS;C:\WINDOWS\System32\Wbem;C:\WINDOWS\System32\WindowsPowerShell\v1.0\;C:\WINDOWS\System32\OpenSSH\;C:\php;C:\Program Files\dotnet\;C:\composer;C:\ProgramData\chocolatey\bin;C:\Program Files\Java\jdk-17.0.1\bin;C:\Program Files (x86)\NVIDIA Corporation\PhysX\Common;C:\WINDOWS\system32;C:\WINDOWS;C:\WINDOWS\System32\Wbem;C:\WINDOWS\System32\WindowsPowerShell\v1.0\;C:\WINDOWS\System32\OpenSSH\;C:\Program Files\MySQL\MySQL Server 8.0\bin;C:\Program Files\Redis\;D:\Xampp\php\php.ini;C:\Program Files\NVIDIA Corporation\NVIDIA NvDLISR;C:\Users\Zeltrax\Desktop\apktool;C:\Program Files\Tesseract-OCR;C:\msys64\mingw64\bin;C:\Program Files (x86)\Windows Kits\10\Windows Performance Toolkit\;C:\Program Files\Go\bin;D:\Xampp\php;D:\mingw64\bin;C:\Program Files\Git\cmd;C:\Program Files\GitHub CLI\;C:\Program Files\Docker\Docker\resources\bin;D:\nodejs\;C:\Python39\Scripts\;D:\Tesseract-OCR;d:\Trae\bin;D:\Android\SDK\platform-tools;D:\Android\SDK\tools;C:\Users\Zeltrax\AppData\Local\jdk-11.0.2\bin;C:\Users\Zeltrax\AppData\Local\Programs\Python\Python310\Scripts\;C:\Users\Zeltrax\AppData\Local\Programs\Python\Python310\;C:\Users\Zeltrax\AppData\Local\Microsoft\WindowsApps;C:\Users\Zeltrax\AppData\Local\Programs\Microsoft VS Code
USERNAME=Zeltrax
LANG=en_US.UTF-8
OS=Windows_NT
PROCESSOR_IDENTIFIER=Intel64 Family 6 Model 142 Stepping 12, GenuineIntel



---------------  S Y S T E M  ---------------

OS:
 Windows 11 , 64 bit Build 27695 (10.0.27695.1000)
OS uptime: 1 days 4:37 hours
Hyper-V role detected

CPU: total 8 (initial active 8) (4 cores per cpu, 2 threads per core) family 6 model 142 stepping 12 microcode 0xde, cx8, cmov, fxsr, ht, mmx, 3dnowpref, sse, sse2, sse3, ssse3, sse4.1, sse4.2, popcnt, lzcnt, tsc, tscinvbit, avx, avx2, aes, erms, clmul, bmi1, bmi2, adx, fma, vzeroupper, clflush, clflushopt, hv

Memory: 4k page, system-wide physical 8022M (621M free)
TotalPageFile size 21846M (AvailPageFile size 37M)
current process WorkingSet (physical memory assigned to process): 12M, peak: 12M
current process commit charge ("private bytes"): 60M, peak: 186M

vm_info: Java HotSpot(TM) 64-Bit Server VM (17.0.12+8-LTS-286) for windows-amd64 JRE (17.0.12+8-LTS-286), built on Jun  5 2024 06:46:59 by "mach5one" with MS VC++ 17.6 (VS2022)

END.
